Wed Jan 23 2019 12:58:53 GMT-0500 (Eastern Standard Time): POST /item
Wed Jan 23 2019 13:05:16 GMT-0500 (Eastern Standard Time): POST /item
Wed Jan 23 2019 13:06:03 GMT-0500 (Eastern Standard Time): POST /item
Wed Jan 23 2019 13:06:26 GMT-0500 (Eastern Standard Time): POST /item
Wed Jan 23 2019 13:27:14 GMT-0500 (Eastern Standard Time): POST /item
Wed Jan 23 2019 13:30:18 GMT-0500 (Eastern Standard Time): POST /item
Wed Jan 23 2019 13:30:29 GMT-0500 (Eastern Standard Time): POST /item
Wed Jan 23 2019 13:33:27 GMT-0500 (Eastern Standard Time): POST /item
Wed Jan 23 2019 13:36:53 GMT-0500 (Eastern Standard Time): POST /item
Wed Jan 23 2019 13:37:54 GMT-0500 (Eastern Standard Time): POST /item
Wed Jan 23 2019 13:39:34 GMT-0500 (Eastern Standard Time): POST /item
Wed Jan 23 2019 13:39:34 GMT-0500 (Eastern Standard Time): POST /item
Wed Jan 23 2019 13:39:34 GMT-0500 (Eastern Standard Time): POST /item
Wed Jan 23 2019 13:39:55 GMT-0500 (Eastern Standard Time): POST /item
Wed Jan 23 2019 13:39:55 GMT-0500 (Eastern Standard Time): POST /item
Wed Jan 23 2019 13:39:56 GMT-0500 (Eastern Standard Time): POST /item
Wed Jan 23 2019 13:40:12 GMT-0500 (Eastern Standard Time): POST /item
Wed Jan 23 2019 13:40:12 GMT-0500 (Eastern Standard Time): POST /item
Wed Jan 23 2019 13:40:12 GMT-0500 (Eastern Standard Time): POST /item
Wed Jan 23 2019 13:40:33 GMT-0500 (Eastern Standard Time): POST /item
Wed Jan 23 2019 13:40:33 GMT-0500 (Eastern Standard Time): POST /item
Wed Jan 23 2019 13:40:33 GMT-0500 (Eastern Standard Time): POST /item
Wed Jan 23 2019 13:43:33 GMT-0500 (Eastern Standard Time): POST /item
Wed Jan 23 2019 13:43:33 GMT-0500 (Eastern Standard Time): POST /item
Wed Jan 23 2019 13:43:33 GMT-0500 (Eastern Standard Time): POST /item
Wed Jan 23 2019 13:43:48 GMT-0500 (Eastern Standard Time): GET /item
Wed Jan 23 2019 13:44:01 GMT-0500 (Eastern Standard Time): POST /item
Wed Jan 23 2019 13:44:01 GMT-0500 (Eastern Standard Time): POST /item
Wed Jan 23 2019 13:44:01 GMT-0500 (Eastern Standard Time): POST /item
Wed Jan 23 2019 13:44:03 GMT-0500 (Eastern Standard Time): GET /item
Wed Jan 23 2019 13:44:38 GMT-0500 (Eastern Standard Time): POST /item
Wed Jan 23 2019 13:44:38 GMT-0500 (Eastern Standard Time): POST /item
Wed Jan 23 2019 13:44:38 GMT-0500 (Eastern Standard Time): POST /item
Wed Jan 23 2019 13:47:06 GMT-0500 (Eastern Standard Time): POST /item
Wed Jan 23 2019 13:47:06 GMT-0500 (Eastern Standard Time): POST /item
Wed Jan 23 2019 13:47:06 GMT-0500 (Eastern Standard Time): POST /item
Wed Jan 23 2019 13:47:06 GMT-0500 (Eastern Standard Time): GET /item
Wed Jan 23 2019 13:47:31 GMT-0500 (Eastern Standard Time): POST /item
Wed Jan 23 2019 13:47:31 GMT-0500 (Eastern Standard Time): POST /item
Wed Jan 23 2019 13:47:31 GMT-0500 (Eastern Standard Time): POST /item
Wed Jan 23 2019 13:47:31 GMT-0500 (Eastern Standard Time): GET /item
Wed Jan 23 2019 13:48:21 GMT-0500 (Eastern Standard Time): POST /item
Wed Jan 23 2019 13:48:21 GMT-0500 (Eastern Standard Time): POST /item
Wed Jan 23 2019 13:48:21 GMT-0500 (Eastern Standard Time): POST /item
Wed Jan 23 2019 13:48:21 GMT-0500 (Eastern Standard Time): GET /item
Wed Jan 23 2019 13:49:00 GMT-0500 (Eastern Standard Time): POST /item
Wed Jan 23 2019 13:49:00 GMT-0500 (Eastern Standard Time): POST /item
Wed Jan 23 2019 13:49:00 GMT-0500 (Eastern Standard Time): POST /item
Wed Jan 23 2019 13:49:00 GMT-0500 (Eastern Standard Time): GET /item
Wed Jan 23 2019 13:51:29 GMT-0500 (Eastern Standard Time): POST /item
Wed Jan 23 2019 13:51:29 GMT-0500 (Eastern Standard Time): POST /item
Wed Jan 23 2019 13:51:29 GMT-0500 (Eastern Standard Time): POST /item
Wed Jan 23 2019 13:51:29 GMT-0500 (Eastern Standard Time): GET /item
Wed Jan 23 2019 13:52:24 GMT-0500 (Eastern Standard Time): GET /item
Wed Jan 23 2019 13:53:15 GMT-0500 (Eastern Standard Time): POST /item
Wed Jan 23 2019 13:53:15 GMT-0500 (Eastern Standard Time): POST /item
Wed Jan 23 2019 13:53:15 GMT-0500 (Eastern Standard Time): POST /item
Wed Jan 23 2019 13:53:15 GMT-0500 (Eastern Standard Time): GET /item
Wed Jan 23 2019 13:53:38 GMT-0500 (Eastern Standard Time): POST /item
Wed Jan 23 2019 13:53:38 GMT-0500 (Eastern Standard Time): POST /item
Wed Jan 23 2019 13:53:38 GMT-0500 (Eastern Standard Time): POST /item
Wed Jan 23 2019 13:53:38 GMT-0500 (Eastern Standard Time): GET /item
Wed Jan 23 2019 13:55:23 GMT-0500 (Eastern Standard Time): POST /item
Wed Jan 23 2019 13:55:23 GMT-0500 (Eastern Standard Time): POST /item
Wed Jan 23 2019 13:55:23 GMT-0500 (Eastern Standard Time): POST /item
Wed Jan 23 2019 13:55:23 GMT-0500 (Eastern Standard Time): GET /item
Wed Jan 23 2019 14:00:11 GMT-0500 (Eastern Standard Time): POST /item
Wed Jan 23 2019 14:00:11 GMT-0500 (Eastern Standard Time): POST /item
Wed Jan 23 2019 14:00:11 GMT-0500 (Eastern Standard Time): POST /item
Wed Jan 23 2019 14:00:11 GMT-0500 (Eastern Standard Time): GET /item
Wed Jan 23 2019 14:10:11 GMT-0500 (Eastern Standard Time): POST /item
Wed Jan 23 2019 14:10:11 GMT-0500 (Eastern Standard Time): POST /item
Wed Jan 23 2019 14:10:11 GMT-0500 (Eastern Standard Time): POST /item
Wed Jan 23 2019 14:10:11 GMT-0500 (Eastern Standard Time): GET /item
Wed Jan 23 2019 14:10:23 GMT-0500 (Eastern Standard Time): POST /item
Wed Jan 23 2019 14:10:23 GMT-0500 (Eastern Standard Time): POST /item
Wed Jan 23 2019 14:10:23 GMT-0500 (Eastern Standard Time): POST /item
Wed Jan 23 2019 14:10:23 GMT-0500 (Eastern Standard Time): GET /item
Wed Jan 23 2019 14:20:54 GMT-0500 (Eastern Standard Time): POST /item
Wed Jan 23 2019 14:20:54 GMT-0500 (Eastern Standard Time): POST /item
Wed Jan 23 2019 14:20:54 GMT-0500 (Eastern Standard Time): POST /item
Wed Jan 23 2019 14:20:54 GMT-0500 (Eastern Standard Time): GET /item
Wed Jan 23 2019 14:21:34 GMT-0500 (Eastern Standard Time): POST /item
Wed Jan 23 2019 14:21:34 GMT-0500 (Eastern Standard Time): POST /item
Wed Jan 23 2019 14:21:34 GMT-0500 (Eastern Standard Time): POST /item
Wed Jan 23 2019 14:21:34 GMT-0500 (Eastern Standard Time): GET /item
Wed Jan 23 2019 14:23:09 GMT-0500 (Eastern Standard Time): POST /item
Wed Jan 23 2019 14:23:09 GMT-0500 (Eastern Standard Time): POST /item
Wed Jan 23 2019 14:23:09 GMT-0500 (Eastern Standard Time): POST /item
Wed Jan 23 2019 14:23:09 GMT-0500 (Eastern Standard Time): GET /item
Wed Jan 23 2019 14:24:55 GMT-0500 (Eastern Standard Time): POST /item
Wed Jan 23 2019 14:24:55 GMT-0500 (Eastern Standard Time): POST /item
Wed Jan 23 2019 14:24:55 GMT-0500 (Eastern Standard Time): POST /item
Wed Jan 23 2019 14:24:55 GMT-0500 (Eastern Standard Time): GET /item
Wed Jan 23 2019 14:26:09 GMT-0500 (Eastern Standard Time): POST /item
Wed Jan 23 2019 14:26:09 GMT-0500 (Eastern Standard Time): POST /item
Wed Jan 23 2019 14:26:09 GMT-0500 (Eastern Standard Time): POST /item
Wed Jan 23 2019 14:26:09 GMT-0500 (Eastern Standard Time): GET /item
Wed Jan 23 2019 14:27:26 GMT-0500 (Eastern Standard Time): POST /item
Wed Jan 23 2019 14:27:27 GMT-0500 (Eastern Standard Time): POST /item
Wed Jan 23 2019 14:27:27 GMT-0500 (Eastern Standard Time): POST /item
Wed Jan 23 2019 14:27:27 GMT-0500 (Eastern Standard Time): GET /item
Wed Jan 23 2019 14:27:49 GMT-0500 (Eastern Standard Time): POST /item
Wed Jan 23 2019 14:27:49 GMT-0500 (Eastern Standard Time): POST /item
Wed Jan 23 2019 14:27:49 GMT-0500 (Eastern Standard Time): POST /item
Wed Jan 23 2019 14:27:49 GMT-0500 (Eastern Standard Time): GET /item
Wed Jan 23 2019 14:28:47 GMT-0500 (Eastern Standard Time): POST /item
Wed Jan 23 2019 14:28:47 GMT-0500 (Eastern Standard Time): POST /item
Wed Jan 23 2019 14:28:47 GMT-0500 (Eastern Standard Time): POST /item
Wed Jan 23 2019 14:28:47 GMT-0500 (Eastern Standard Time): GET /item
Wed Jan 23 2019 14:28:58 GMT-0500 (Eastern Standard Time): POST /item
Wed Jan 23 2019 14:28:58 GMT-0500 (Eastern Standard Time): POST /item
Wed Jan 23 2019 14:28:58 GMT-0500 (Eastern Standard Time): POST /item
Wed Jan 23 2019 14:28:58 GMT-0500 (Eastern Standard Time): GET /item
Wed Jan 23 2019 14:30:51 GMT-0500 (Eastern Standard Time): POST /item
Wed Jan 23 2019 14:30:51 GMT-0500 (Eastern Standard Time): POST /item
Wed Jan 23 2019 14:30:51 GMT-0500 (Eastern Standard Time): POST /item
Wed Jan 23 2019 14:30:51 GMT-0500 (Eastern Standard Time): GET /item
Wed Jan 23 2019 14:32:04 GMT-0500 (Eastern Standard Time): POST /item
Wed Jan 23 2019 14:32:04 GMT-0500 (Eastern Standard Time): POST /item
Wed Jan 23 2019 14:32:04 GMT-0500 (Eastern Standard Time): POST /item
Wed Jan 23 2019 14:32:04 GMT-0500 (Eastern Standard Time): GET /item
Wed Jan 23 2019 14:32:28 GMT-0500 (Eastern Standard Time): POST /item
Wed Jan 23 2019 14:32:28 GMT-0500 (Eastern Standard Time): POST /item
Wed Jan 23 2019 14:32:28 GMT-0500 (Eastern Standard Time): POST /item
Wed Jan 23 2019 14:32:28 GMT-0500 (Eastern Standard Time): GET /item
Wed Jan 23 2019 14:34:36 GMT-0500 (Eastern Standard Time): POST /item
Wed Jan 23 2019 14:34:36 GMT-0500 (Eastern Standard Time): POST /item
Wed Jan 23 2019 14:34:36 GMT-0500 (Eastern Standard Time): POST /item
Wed Jan 23 2019 14:34:36 GMT-0500 (Eastern Standard Time): GET /item
Wed Jan 23 2019 14:39:08 GMT-0500 (Eastern Standard Time): POST /item
Wed Jan 23 2019 14:39:08 GMT-0500 (Eastern Standard Time): POST /item
Wed Jan 23 2019 14:39:08 GMT-0500 (Eastern Standard Time): POST /item
Wed Jan 23 2019 14:39:08 GMT-0500 (Eastern Standard Time): GET /item
Wed Jan 23 2019 14:39:37 GMT-0500 (Eastern Standard Time): PATCH /item/5c48c1c83127e934cc2f795f
Wed Jan 23 2019 14:39:57 GMT-0500 (Eastern Standard Time): PATCH /item/5c48c2d8fdf6ab534ce7ddcc
Wed Jan 23 2019 14:40:27 GMT-0500 (Eastern Standard Time): PATCH /item/5c48c2d8fdf6ab534ce7ddcc
Wed Jan 23 2019 14:41:25 GMT-0500 (Eastern Standard Time): PATCH /item/5c48c2d8fdf6ab534ce7ddcc
Wed Jan 23 2019 14:41:49 GMT-0500 (Eastern Standard Time): PATCH /item/5c48c2d8fdf6ab534ce7ddcc
Wed Jan 23 2019 14:42:43 GMT-0500 (Eastern Standard Time): PATCH /item/5c48c2d8fdf6ab534ce7ddcc
Wed Jan 23 2019 14:46:02 GMT-0500 (Eastern Standard Time): POST /item
Wed Jan 23 2019 14:46:02 GMT-0500 (Eastern Standard Time): POST /item
Wed Jan 23 2019 14:46:02 GMT-0500 (Eastern Standard Time): POST /item
Wed Jan 23 2019 14:46:02 GMT-0500 (Eastern Standard Time): GET /item
Wed Jan 23 2019 14:46:02 GMT-0500 (Eastern Standard Time): PATCH /item/5c48c4799fc01c14805aac1b
Wed Jan 23 2019 14:46:25 GMT-0500 (Eastern Standard Time): POST /item
Wed Jan 23 2019 14:46:25 GMT-0500 (Eastern Standard Time): POST /item
Wed Jan 23 2019 14:46:25 GMT-0500 (Eastern Standard Time): POST /item
Wed Jan 23 2019 14:46:25 GMT-0500 (Eastern Standard Time): GET /item
Wed Jan 23 2019 14:46:25 GMT-0500 (Eastern Standard Time): PATCH /item/5c48c48d7f7c1c4028b42824
Wed Jan 23 2019 14:51:03 GMT-0500 (Eastern Standard Time): POST /item
Wed Jan 23 2019 14:51:03 GMT-0500 (Eastern Standard Time): POST /item
Wed Jan 23 2019 14:51:03 GMT-0500 (Eastern Standard Time): POST /item
Wed Jan 23 2019 14:51:03 GMT-0500 (Eastern Standard Time): GET /item
Wed Jan 23 2019 14:51:03 GMT-0500 (Eastern Standard Time): PATCH /item/5c48c5a264ee0430d40d81ad
Wed Jan 23 2019 14:52:04 GMT-0500 (Eastern Standard Time): POST /item
Wed Jan 23 2019 14:52:04 GMT-0500 (Eastern Standard Time): POST /item
Wed Jan 23 2019 14:52:04 GMT-0500 (Eastern Standard Time): POST /item
Wed Jan 23 2019 14:52:04 GMT-0500 (Eastern Standard Time): GET /item
Wed Jan 23 2019 14:52:04 GMT-0500 (Eastern Standard Time): PATCH /item/5c48c5e3ee8d4c3ae8612862
Wed Jan 23 2019 14:52:04 GMT-0500 (Eastern Standard Time): PATCH /item/5c48c5e4ee8d4c3ae8612873
Wed Jan 23 2019 14:52:04 GMT-0500 (Eastern Standard Time): PATCH /item/ThisIsNotAnObjectID
Wed Jan 23 2019 14:56:10 GMT-0500 (Eastern Standard Time): POST /item
Wed Jan 23 2019 14:56:10 GMT-0500 (Eastern Standard Time): POST /item
Wed Jan 23 2019 14:56:10 GMT-0500 (Eastern Standard Time): POST /item
Wed Jan 23 2019 14:56:10 GMT-0500 (Eastern Standard Time): GET /item
Wed Jan 23 2019 14:56:10 GMT-0500 (Eastern Standard Time): PATCH /item/5c48c6d60b8a78073039206a
Wed Jan 23 2019 14:56:10 GMT-0500 (Eastern Standard Time): PATCH /item/5c48c6da0b8a78073039207b
Wed Jan 23 2019 14:56:11 GMT-0500 (Eastern Standard Time): PATCH /item/ThisIsNotAnObjectID
Wed Jan 23 2019 14:56:24 GMT-0500 (Eastern Standard Time): POST /item
Wed Jan 23 2019 14:56:24 GMT-0500 (Eastern Standard Time): POST /item
Wed Jan 23 2019 14:56:24 GMT-0500 (Eastern Standard Time): POST /item
Wed Jan 23 2019 14:56:24 GMT-0500 (Eastern Standard Time): GET /item
Wed Jan 23 2019 14:56:24 GMT-0500 (Eastern Standard Time): PATCH /item/5c48c6e4ba9ab25a50759fcd
Wed Jan 23 2019 14:56:25 GMT-0500 (Eastern Standard Time): PATCH /item/5c48c6e9ba9ab25a50759fde
Wed Jan 23 2019 14:56:25 GMT-0500 (Eastern Standard Time): PATCH /item/ThisIsNotAnObjectID
Wed Jan 23 2019 14:56:54 GMT-0500 (Eastern Standard Time): DELETE /item/5c48c6d60b8a78073039206a
Wed Jan 23 2019 14:57:14 GMT-0500 (Eastern Standard Time): DELETE /item/5c48c6e4ba9ab25a50759fcd
Wed Jan 23 2019 14:57:46 GMT-0500 (Eastern Standard Time): POST /item
Wed Jan 23 2019 14:57:46 GMT-0500 (Eastern Standard Time): POST /item
Wed Jan 23 2019 14:57:46 GMT-0500 (Eastern Standard Time): POST /item
Wed Jan 23 2019 14:57:46 GMT-0500 (Eastern Standard Time): GET /item
Wed Jan 23 2019 14:57:46 GMT-0500 (Eastern Standard Time): PATCH /item/5c48c739830933596402f1e3
Wed Jan 23 2019 14:57:46 GMT-0500 (Eastern Standard Time): PATCH /item/5c48c73a830933596402f1f4
Wed Jan 23 2019 14:57:46 GMT-0500 (Eastern Standard Time): PATCH /item/ThisIsNotAnObjectID
Wed Jan 23 2019 15:01:14 GMT-0500 (Eastern Standard Time): POST /item
Wed Jan 23 2019 15:01:14 GMT-0500 (Eastern Standard Time): POST /item
Wed Jan 23 2019 15:01:14 GMT-0500 (Eastern Standard Time): POST /item
Wed Jan 23 2019 15:01:14 GMT-0500 (Eastern Standard Time): GET /item
Wed Jan 23 2019 15:01:14 GMT-0500 (Eastern Standard Time): PATCH /item/5c48c806fa2bf63d60de2f23
Wed Jan 23 2019 15:01:14 GMT-0500 (Eastern Standard Time): PATCH /item/5c48c80afa2bf63d60de2f34
Wed Jan 23 2019 15:01:14 GMT-0500 (Eastern Standard Time): PATCH /item/ThisIsNotAnObjectID
Wed Jan 23 2019 15:01:14 GMT-0500 (Eastern Standard Time): DELETE /items/5c48c806fa2bf63d60de2f24
Wed Jan 23 2019 15:02:03 GMT-0500 (Eastern Standard Time): POST /item
Wed Jan 23 2019 15:02:03 GMT-0500 (Eastern Standard Time): POST /item
Wed Jan 23 2019 15:02:03 GMT-0500 (Eastern Standard Time): POST /item
Wed Jan 23 2019 15:02:03 GMT-0500 (Eastern Standard Time): GET /item
Wed Jan 23 2019 15:02:03 GMT-0500 (Eastern Standard Time): PATCH /item/5c48c83a93532663b4c19a5d
Wed Jan 23 2019 15:02:03 GMT-0500 (Eastern Standard Time): PATCH /item/5c48c83b93532663b4c19a6e
Wed Jan 23 2019 15:02:03 GMT-0500 (Eastern Standard Time): PATCH /item/ThisIsNotAnObjectID
Wed Jan 23 2019 15:02:03 GMT-0500 (Eastern Standard Time): DELETE /items/5c48c83a93532663b4c19a5e
Wed Jan 23 2019 15:02:33 GMT-0500 (Eastern Standard Time): POST /item
Wed Jan 23 2019 15:02:33 GMT-0500 (Eastern Standard Time): POST /item
Wed Jan 23 2019 15:02:33 GMT-0500 (Eastern Standard Time): POST /item
Wed Jan 23 2019 15:02:33 GMT-0500 (Eastern Standard Time): GET /item
Wed Jan 23 2019 15:02:33 GMT-0500 (Eastern Standard Time): PATCH /item/5c48c854624c305f102f7638
Wed Jan 23 2019 15:02:33 GMT-0500 (Eastern Standard Time): PATCH /item/5c48c859624c305f102f7649
Wed Jan 23 2019 15:02:33 GMT-0500 (Eastern Standard Time): PATCH /item/ThisIsNotAnObjectID
Wed Jan 23 2019 15:02:33 GMT-0500 (Eastern Standard Time): DELETE /items/5c48c854624c305f102f7639
Wed Jan 23 2019 15:05:00 GMT-0500 (Eastern Standard Time): POST /item
Wed Jan 23 2019 15:05:00 GMT-0500 (Eastern Standard Time): POST /item
Wed Jan 23 2019 15:05:00 GMT-0500 (Eastern Standard Time): POST /item
Wed Jan 23 2019 15:05:00 GMT-0500 (Eastern Standard Time): GET /item
Wed Jan 23 2019 15:05:00 GMT-0500 (Eastern Standard Time): PATCH /item/5c48c8e7cc68f2519c548e15
Wed Jan 23 2019 15:05:00 GMT-0500 (Eastern Standard Time): PATCH /item/5c48c8eccc68f2519c548e26
Wed Jan 23 2019 15:05:00 GMT-0500 (Eastern Standard Time): PATCH /item/ThisIsNotAnObjectID
Wed Jan 23 2019 15:05:00 GMT-0500 (Eastern Standard Time): DELETE /items/5c48c8e7cc68f2519c548e16
Wed Jan 23 2019 15:05:22 GMT-0500 (Eastern Standard Time): POST /item
Wed Jan 23 2019 15:05:22 GMT-0500 (Eastern Standard Time): POST /item
Wed Jan 23 2019 15:05:22 GMT-0500 (Eastern Standard Time): POST /item
Wed Jan 23 2019 15:05:22 GMT-0500 (Eastern Standard Time): GET /item
Wed Jan 23 2019 15:05:22 GMT-0500 (Eastern Standard Time): PATCH /item/5c48c9003161e717847c5741
Wed Jan 23 2019 15:05:22 GMT-0500 (Eastern Standard Time): PATCH /item/5c48c9023161e717847c5752
Wed Jan 23 2019 15:05:22 GMT-0500 (Eastern Standard Time): PATCH /item/ThisIsNotAnObjectID
Wed Jan 23 2019 15:05:22 GMT-0500 (Eastern Standard Time): DELETE /items/5c48c9003161e717847c5742
Wed Jan 23 2019 15:05:48 GMT-0500 (Eastern Standard Time): POST /item
Wed Jan 23 2019 15:05:48 GMT-0500 (Eastern Standard Time): POST /item
Wed Jan 23 2019 15:05:48 GMT-0500 (Eastern Standard Time): POST /item
Wed Jan 23 2019 15:05:48 GMT-0500 (Eastern Standard Time): GET /item
Wed Jan 23 2019 15:05:48 GMT-0500 (Eastern Standard Time): PATCH /item/5c48c91b0deafb3aa0306aed
Wed Jan 23 2019 15:05:48 GMT-0500 (Eastern Standard Time): PATCH /item/5c48c91c0deafb3aa0306afe
Wed Jan 23 2019 15:05:48 GMT-0500 (Eastern Standard Time): PATCH /item/ThisIsNotAnObjectID
Wed Jan 23 2019 15:05:48 GMT-0500 (Eastern Standard Time): DELETE /items/5c48c91b0deafb3aa0306aee
Wed Jan 23 2019 15:06:57 GMT-0500 (Eastern Standard Time): POST /item
Wed Jan 23 2019 15:06:57 GMT-0500 (Eastern Standard Time): POST /item
Wed Jan 23 2019 15:06:57 GMT-0500 (Eastern Standard Time): POST /item
Wed Jan 23 2019 15:06:57 GMT-0500 (Eastern Standard Time): GET /item
Wed Jan 23 2019 15:06:58 GMT-0500 (Eastern Standard Time): PATCH /item/5c48c95d40eee130307cf116
Wed Jan 23 2019 15:06:58 GMT-0500 (Eastern Standard Time): PATCH /item/5c48c96240eee130307cf127
Wed Jan 23 2019 15:06:58 GMT-0500 (Eastern Standard Time): PATCH /item/ThisIsNotAnObjectID
Wed Jan 23 2019 15:06:58 GMT-0500 (Eastern Standard Time): DELETE /items/5c48c95d40eee130307cf117
Wed Jan 23 2019 15:07:34 GMT-0500 (Eastern Standard Time): POST /item
Wed Jan 23 2019 15:07:34 GMT-0500 (Eastern Standard Time): POST /item
Wed Jan 23 2019 15:07:34 GMT-0500 (Eastern Standard Time): POST /item
Wed Jan 23 2019 15:07:34 GMT-0500 (Eastern Standard Time): GET /item
Wed Jan 23 2019 15:07:34 GMT-0500 (Eastern Standard Time): PATCH /item/5c48c9851dfaf6602c72c1ed
Wed Jan 23 2019 15:07:34 GMT-0500 (Eastern Standard Time): PATCH /item/5c48c9861dfaf6602c72c1fe
Wed Jan 23 2019 15:07:34 GMT-0500 (Eastern Standard Time): PATCH /item/ThisIsNotAnObjectID
Wed Jan 23 2019 15:07:34 GMT-0500 (Eastern Standard Time): DELETE /items/5c48c9851dfaf6602c72c1ee
Wed Jan 23 2019 15:08:38 GMT-0500 (Eastern Standard Time): POST /item
Wed Jan 23 2019 15:08:38 GMT-0500 (Eastern Standard Time): POST /item
Wed Jan 23 2019 15:08:38 GMT-0500 (Eastern Standard Time): POST /item
Wed Jan 23 2019 15:08:38 GMT-0500 (Eastern Standard Time): GET /item
Wed Jan 23 2019 15:08:38 GMT-0500 (Eastern Standard Time): PATCH /item/5c48c9c2238b7f5630abfbda
Wed Jan 23 2019 15:08:38 GMT-0500 (Eastern Standard Time): PATCH /item/5c48c9c6238b7f5630abfbeb
Wed Jan 23 2019 15:08:38 GMT-0500 (Eastern Standard Time): PATCH /item/ThisIsNotAnObjectID
Wed Jan 23 2019 15:08:38 GMT-0500 (Eastern Standard Time): DELETE /item/5c48c9c2238b7f5630abfbdb
Wed Jan 23 2019 15:09:52 GMT-0500 (Eastern Standard Time): POST /item
Wed Jan 23 2019 15:09:52 GMT-0500 (Eastern Standard Time): POST /item
Wed Jan 23 2019 15:09:52 GMT-0500 (Eastern Standard Time): POST /item
Wed Jan 23 2019 15:09:52 GMT-0500 (Eastern Standard Time): GET /item
Wed Jan 23 2019 15:09:52 GMT-0500 (Eastern Standard Time): PATCH /item/5c48ca0e4f21ba4e74e7d5fc
Wed Jan 23 2019 15:09:52 GMT-0500 (Eastern Standard Time): PATCH /item/5c48ca104f21ba4e74e7d60d
Wed Jan 23 2019 15:09:52 GMT-0500 (Eastern Standard Time): PATCH /item/ThisIsNotAnObjectID
Wed Jan 23 2019 15:09:52 GMT-0500 (Eastern Standard Time): DELETE /item/5c48ca0e4f21ba4e74e7d5fd
Wed Jan 23 2019 15:10:17 GMT-0500 (Eastern Standard Time): POST /item
Wed Jan 23 2019 15:10:17 GMT-0500 (Eastern Standard Time): POST /item
Wed Jan 23 2019 15:10:17 GMT-0500 (Eastern Standard Time): POST /item
Wed Jan 23 2019 15:10:17 GMT-0500 (Eastern Standard Time): GET /item
Wed Jan 23 2019 15:10:17 GMT-0500 (Eastern Standard Time): PATCH /item/5c48ca28db85345c28376fff
Wed Jan 23 2019 15:10:18 GMT-0500 (Eastern Standard Time): PATCH /item/5c48ca2adb85345c28377010
Wed Jan 23 2019 15:10:18 GMT-0500 (Eastern Standard Time): PATCH /item/ThisIsNotAnObjectID
Wed Jan 23 2019 15:10:18 GMT-0500 (Eastern Standard Time): DELETE /item/5c48ca28db85345c28377000
Wed Jan 23 2019 15:11:17 GMT-0500 (Eastern Standard Time): POST /item
Wed Jan 23 2019 15:11:17 GMT-0500 (Eastern Standard Time): POST /item
Wed Jan 23 2019 15:11:17 GMT-0500 (Eastern Standard Time): POST /item
Wed Jan 23 2019 15:11:17 GMT-0500 (Eastern Standard Time): GET /item
Wed Jan 23 2019 15:11:17 GMT-0500 (Eastern Standard Time): PATCH /item/5c48ca60b197730c88f26917
Wed Jan 23 2019 15:11:17 GMT-0500 (Eastern Standard Time): PATCH /item/5c48ca65b197730c88f26928
Wed Jan 23 2019 15:11:17 GMT-0500 (Eastern Standard Time): PATCH /item/ThisIsNotAnObjectID
Wed Jan 23 2019 15:11:17 GMT-0500 (Eastern Standard Time): DELETE /item/5c48ca60b197730c88f26918
Wed Jan 23 2019 15:12:17 GMT-0500 (Eastern Standard Time): POST /item
Wed Jan 23 2019 15:12:17 GMT-0500 (Eastern Standard Time): POST /item
Wed Jan 23 2019 15:12:17 GMT-0500 (Eastern Standard Time): POST /item
Wed Jan 23 2019 15:12:17 GMT-0500 (Eastern Standard Time): GET /item
Wed Jan 23 2019 15:12:17 GMT-0500 (Eastern Standard Time): PATCH /item/5c48caa0ea4ff54f68e2b431
Wed Jan 23 2019 15:12:17 GMT-0500 (Eastern Standard Time): PATCH /item/5c48caa1ea4ff54f68e2b442
Wed Jan 23 2019 15:12:17 GMT-0500 (Eastern Standard Time): PATCH /item/ThisIsNotAnObjectID
Wed Jan 23 2019 15:12:17 GMT-0500 (Eastern Standard Time): DELETE /item/5c48caa0ea4ff54f68e2b432
Wed Jan 23 2019 15:12:17 GMT-0500 (Eastern Standard Time): DELETE /item/5c48caa1ea4ff54f68e2b449
Wed Jan 23 2019 15:13:23 GMT-0500 (Eastern Standard Time): POST /item
Wed Jan 23 2019 15:13:24 GMT-0500 (Eastern Standard Time): POST /item
Wed Jan 23 2019 15:13:24 GMT-0500 (Eastern Standard Time): POST /item
Wed Jan 23 2019 15:13:24 GMT-0500 (Eastern Standard Time): GET /item
Wed Jan 23 2019 15:13:24 GMT-0500 (Eastern Standard Time): PATCH /item/5c48cadf31930063b4855528
Wed Jan 23 2019 15:13:24 GMT-0500 (Eastern Standard Time): PATCH /item/5c48cae431930063b4855539
Wed Jan 23 2019 15:13:24 GMT-0500 (Eastern Standard Time): PATCH /item/ThisIsNotAnObjectID
Wed Jan 23 2019 15:13:24 GMT-0500 (Eastern Standard Time): DELETE /item/5c48cadf31930063b4855529
Wed Jan 23 2019 15:13:24 GMT-0500 (Eastern Standard Time): DELETE /item/5c48cae431930063b4855540
Wed Jan 23 2019 15:13:24 GMT-0500 (Eastern Standard Time): DELETE /item/ThisIsNotAnObjectID
Wed Jan 23 2019 15:14:58 GMT-0500 (Eastern Standard Time): POST /item
Wed Jan 23 2019 15:14:58 GMT-0500 (Eastern Standard Time): POST /item
Wed Jan 23 2019 15:14:58 GMT-0500 (Eastern Standard Time): POST /item
Wed Jan 23 2019 15:14:58 GMT-0500 (Eastern Standard Time): GET /item
Wed Jan 23 2019 15:14:58 GMT-0500 (Eastern Standard Time): PATCH /item/5c48cb3df6ee334348f226b0
Wed Jan 23 2019 15:14:58 GMT-0500 (Eastern Standard Time): PATCH /item/5c48cb42f6ee334348f226c1
Wed Jan 23 2019 15:14:58 GMT-0500 (Eastern Standard Time): PATCH /item/ThisIsNotAnObjectID
Wed Jan 23 2019 15:14:58 GMT-0500 (Eastern Standard Time): DELETE /item/5c48cb3df6ee334348f226b1
Wed Jan 23 2019 15:14:58 GMT-0500 (Eastern Standard Time): DELETE /item/5c48cb42f6ee334348f226c8
Wed Jan 23 2019 15:14:58 GMT-0500 (Eastern Standard Time): DELETE /item/ThisIsNotAnObjectID
Wed Jan 23 2019 15:15:06 GMT-0500 (Eastern Standard Time): POST /item
Wed Jan 23 2019 15:15:06 GMT-0500 (Eastern Standard Time): POST /item
Wed Jan 23 2019 15:15:06 GMT-0500 (Eastern Standard Time): POST /item
Wed Jan 23 2019 15:15:06 GMT-0500 (Eastern Standard Time): GET /item
Wed Jan 23 2019 15:15:06 GMT-0500 (Eastern Standard Time): PATCH /item/5c48cb495f05f24e0004eff4
Wed Jan 23 2019 15:15:06 GMT-0500 (Eastern Standard Time): PATCH /item/5c48cb4a5f05f24e0004f005
Wed Jan 23 2019 15:15:06 GMT-0500 (Eastern Standard Time): PATCH /item/ThisIsNotAnObjectID
Wed Jan 23 2019 15:15:06 GMT-0500 (Eastern Standard Time): DELETE /item/5c48cb495f05f24e0004eff5
Wed Jan 23 2019 15:15:06 GMT-0500 (Eastern Standard Time): DELETE /item/5c48cb4a5f05f24e0004f00c
Wed Jan 23 2019 15:15:06 GMT-0500 (Eastern Standard Time): DELETE /item/ThisIsNotAnObjectID
Wed Jan 23 2019 15:15:32 GMT-0500 (Eastern Standard Time): POST /item
Wed Jan 23 2019 15:15:32 GMT-0500 (Eastern Standard Time): POST /item
Wed Jan 23 2019 15:15:32 GMT-0500 (Eastern Standard Time): POST /item
Wed Jan 23 2019 15:15:32 GMT-0500 (Eastern Standard Time): GET /item
Wed Jan 23 2019 15:15:32 GMT-0500 (Eastern Standard Time): PATCH /item/5c48cb633f5d83645c6096e8
Wed Jan 23 2019 15:15:32 GMT-0500 (Eastern Standard Time): PATCH /item/5c48cb643f5d83645c6096f9
Wed Jan 23 2019 15:15:32 GMT-0500 (Eastern Standard Time): PATCH /item/ThisIsNotAnObjectID
Wed Jan 23 2019 15:15:32 GMT-0500 (Eastern Standard Time): DELETE /item/5c48cb633f5d83645c6096e9
Wed Jan 23 2019 15:15:32 GMT-0500 (Eastern Standard Time): DELETE /item/5c48cb643f5d83645c609700
Wed Jan 23 2019 15:15:32 GMT-0500 (Eastern Standard Time): DELETE /item/ThisIsNotAnObjectID
Wed Jan 23 2019 15:15:46 GMT-0500 (Eastern Standard Time): POST /item
Wed Jan 23 2019 15:15:46 GMT-0500 (Eastern Standard Time): POST /item
Wed Jan 23 2019 15:15:46 GMT-0500 (Eastern Standard Time): POST /item
Wed Jan 23 2019 15:15:46 GMT-0500 (Eastern Standard Time): GET /item
Wed Jan 23 2019 15:15:46 GMT-0500 (Eastern Standard Time): PATCH /item/5c48cb715bfef21ef437b95a
Wed Jan 23 2019 15:15:46 GMT-0500 (Eastern Standard Time): PATCH /item/5c48cb725bfef21ef437b96b
Wed Jan 23 2019 15:15:46 GMT-0500 (Eastern Standard Time): PATCH /item/ThisIsNotAnObjectID
Wed Jan 23 2019 15:15:46 GMT-0500 (Eastern Standard Time): DELETE /item/5c48cb715bfef21ef437b95b
Wed Jan 23 2019 15:15:46 GMT-0500 (Eastern Standard Time): DELETE /item/5c48cb725bfef21ef437b972
Wed Jan 23 2019 15:15:46 GMT-0500 (Eastern Standard Time): DELETE /item/ThisIsNotAnObjectID
Wed Jan 23 2019 15:16:11 GMT-0500 (Eastern Standard Time): POST /item
Wed Jan 23 2019 15:16:12 GMT-0500 (Eastern Standard Time): POST /item
Wed Jan 23 2019 15:16:12 GMT-0500 (Eastern Standard Time): POST /item
Wed Jan 23 2019 15:16:12 GMT-0500 (Eastern Standard Time): GET /item
Wed Jan 23 2019 15:16:12 GMT-0500 (Eastern Standard Time): PATCH /item/5c48cb8a94660b24d40d4c4f
Wed Jan 23 2019 15:16:12 GMT-0500 (Eastern Standard Time): PATCH /item/5c48cb8c94660b24d40d4c60
Wed Jan 23 2019 15:16:12 GMT-0500 (Eastern Standard Time): PATCH /item/ThisIsNotAnObjectID
Wed Jan 23 2019 15:16:12 GMT-0500 (Eastern Standard Time): DELETE /item/5c48cb8a94660b24d40d4c50
Wed Jan 23 2019 15:16:12 GMT-0500 (Eastern Standard Time): DELETE /item/5c48cb8c94660b24d40d4c67
Wed Jan 23 2019 15:16:12 GMT-0500 (Eastern Standard Time): DELETE /item/ThisIsNotAnObjectID
Wed Jan 23 2019 15:16:55 GMT-0500 (Eastern Standard Time): POST /item
Wed Jan 23 2019 15:16:55 GMT-0500 (Eastern Standard Time): POST /item
Wed Jan 23 2019 15:16:55 GMT-0500 (Eastern Standard Time): POST /item
Wed Jan 23 2019 15:16:55 GMT-0500 (Eastern Standard Time): GET /item
Wed Jan 23 2019 15:16:55 GMT-0500 (Eastern Standard Time): PATCH /item/5c48cbb3bf2701094c2a8c0d
Wed Jan 23 2019 15:16:55 GMT-0500 (Eastern Standard Time): PATCH /item/5c48cbb7bf2701094c2a8c1e
Wed Jan 23 2019 15:16:55 GMT-0500 (Eastern Standard Time): PATCH /item/ThisIsNotAnObjectID
Wed Jan 23 2019 15:16:55 GMT-0500 (Eastern Standard Time): DELETE /item/5c48cbb3bf2701094c2a8c0e
Wed Jan 23 2019 15:16:55 GMT-0500 (Eastern Standard Time): DELETE /item/5c48cbb7bf2701094c2a8c25
Wed Jan 23 2019 15:16:55 GMT-0500 (Eastern Standard Time): DELETE /item/ThisIsNotAnObjectID
Wed Jan 23 2019 15:19:23 GMT-0500 (Eastern Standard Time): POST /item
Wed Jan 23 2019 15:19:24 GMT-0500 (Eastern Standard Time): POST /item
Wed Jan 23 2019 15:19:24 GMT-0500 (Eastern Standard Time): POST /item
Wed Jan 23 2019 15:19:24 GMT-0500 (Eastern Standard Time): GET /item
Wed Jan 23 2019 15:19:24 GMT-0500 (Eastern Standard Time): PATCH /item/5c48cc470ae78a57a8764cf4
Wed Jan 23 2019 15:19:24 GMT-0500 (Eastern Standard Time): PATCH /item/5c48cc4c0ae78a57a8764d05
Wed Jan 23 2019 15:19:24 GMT-0500 (Eastern Standard Time): PATCH /item/ThisIsNotAnObjectID
Wed Jan 23 2019 15:19:24 GMT-0500 (Eastern Standard Time): DELETE /item/5c48cc470ae78a57a8764cf5
Wed Jan 23 2019 15:19:24 GMT-0500 (Eastern Standard Time): DELETE /item/5c48cc4c0ae78a57a8764d0c
Wed Jan 23 2019 15:19:24 GMT-0500 (Eastern Standard Time): DELETE /item/ThisIsNotAnObjectID
Wed Jan 23 2019 15:19:30 GMT-0500 (Eastern Standard Time): POST /item
Wed Jan 23 2019 15:19:31 GMT-0500 (Eastern Standard Time): POST /item
Wed Jan 23 2019 15:19:31 GMT-0500 (Eastern Standard Time): POST /item
Wed Jan 23 2019 15:19:31 GMT-0500 (Eastern Standard Time): GET /item
Wed Jan 23 2019 15:19:31 GMT-0500 (Eastern Standard Time): PATCH /item/5c48cc51bf150a01084d50dd
Wed Jan 23 2019 15:19:31 GMT-0500 (Eastern Standard Time): PATCH /item/5c48cc53bf150a01084d50ee
Wed Jan 23 2019 15:19:31 GMT-0500 (Eastern Standard Time): PATCH /item/ThisIsNotAnObjectID
Wed Jan 23 2019 15:19:31 GMT-0500 (Eastern Standard Time): DELETE /item/5c48cc51bf150a01084d50de
Wed Jan 23 2019 15:19:31 GMT-0500 (Eastern Standard Time): DELETE /item/5c48cc53bf150a01084d50f5
Wed Jan 23 2019 15:19:31 GMT-0500 (Eastern Standard Time): DELETE /item/ThisIsNotAnObjectID
Wed Jan 23 2019 15:20:08 GMT-0500 (Eastern Standard Time): POST /item
Wed Jan 23 2019 15:20:08 GMT-0500 (Eastern Standard Time): POST /item
Wed Jan 23 2019 15:20:08 GMT-0500 (Eastern Standard Time): POST /item
Wed Jan 23 2019 15:20:08 GMT-0500 (Eastern Standard Time): GET /item
Wed Jan 23 2019 15:20:08 GMT-0500 (Eastern Standard Time): PATCH /item/5c48cc775bff0d5494226e91
Wed Jan 23 2019 15:20:08 GMT-0500 (Eastern Standard Time): PATCH /item/5c48cc785bff0d5494226ea2
Wed Jan 23 2019 15:20:08 GMT-0500 (Eastern Standard Time): PATCH /item/ThisIsNotAnObjectID
Wed Jan 23 2019 15:20:08 GMT-0500 (Eastern Standard Time): DELETE /item/5c48cc775bff0d5494226e92
Wed Jan 23 2019 15:20:08 GMT-0500 (Eastern Standard Time): DELETE /item/5c48cc785bff0d5494226ea9
Wed Jan 23 2019 15:20:08 GMT-0500 (Eastern Standard Time): DELETE /item/ThisIsNotAnObjectID
Wed Jan 23 2019 15:21:02 GMT-0500 (Eastern Standard Time): POST /item
Wed Jan 23 2019 15:21:02 GMT-0500 (Eastern Standard Time): POST /item
Wed Jan 23 2019 15:21:02 GMT-0500 (Eastern Standard Time): POST /item
Wed Jan 23 2019 15:21:02 GMT-0500 (Eastern Standard Time): GET /item
Wed Jan 23 2019 15:21:02 GMT-0500 (Eastern Standard Time): PATCH /item/5c48ccaa8025ce30d41ddd86
Wed Jan 23 2019 15:21:02 GMT-0500 (Eastern Standard Time): PATCH /item/5c48ccae8025ce30d41ddd97
Wed Jan 23 2019 15:21:02 GMT-0500 (Eastern Standard Time): PATCH /item/ThisIsNotAnObjectID
Wed Jan 23 2019 15:21:02 GMT-0500 (Eastern Standard Time): DELETE /item/5c48ccaa8025ce30d41ddd87
Wed Jan 23 2019 15:21:02 GMT-0500 (Eastern Standard Time): DELETE /item/5c48ccae8025ce30d41ddd9e
Wed Jan 23 2019 15:21:02 GMT-0500 (Eastern Standard Time): DELETE /item/ThisIsNotAnObjectID
Wed Jan 23 2019 15:26:26 GMT-0500 (Eastern Standard Time): POST /item
Wed Jan 23 2019 15:26:26 GMT-0500 (Eastern Standard Time): POST /item
Wed Jan 23 2019 15:26:26 GMT-0500 (Eastern Standard Time): POST /item
Wed Jan 23 2019 15:26:26 GMT-0500 (Eastern Standard Time): GET /item
Wed Jan 23 2019 15:26:26 GMT-0500 (Eastern Standard Time): PATCH /item/5c48cdee46dad340a049f6d1
Wed Jan 23 2019 15:26:26 GMT-0500 (Eastern Standard Time): PATCH /item/5c48cdf246dad340a049f6e2
Wed Jan 23 2019 15:26:26 GMT-0500 (Eastern Standard Time): PATCH /item/ThisIsNotAnObjectID
Wed Jan 23 2019 15:26:26 GMT-0500 (Eastern Standard Time): DELETE /item/5c48cdee46dad340a049f6d2
Wed Jan 23 2019 15:26:26 GMT-0500 (Eastern Standard Time): DELETE /item/5c48cdf246dad340a049f6e9
Wed Jan 23 2019 15:26:26 GMT-0500 (Eastern Standard Time): DELETE /item/ThisIsNotAnObjectID
Wed Jan 23 2019 15:30:35 GMT-0500 (Eastern Standard Time): POST /item
Wed Jan 23 2019 15:30:35 GMT-0500 (Eastern Standard Time): POST /item
Wed Jan 23 2019 15:30:35 GMT-0500 (Eastern Standard Time): POST /item
Wed Jan 23 2019 15:30:35 GMT-0500 (Eastern Standard Time): GET /item
Wed Jan 23 2019 15:30:35 GMT-0500 (Eastern Standard Time): PATCH /item/5c48cee7961d082730f5c496
Wed Jan 23 2019 15:30:35 GMT-0500 (Eastern Standard Time): PATCH /item/5c48ceeb961d082730f5c4a7
Wed Jan 23 2019 15:30:35 GMT-0500 (Eastern Standard Time): PATCH /item/ThisIsNotAnObjectID
Wed Jan 23 2019 15:30:35 GMT-0500 (Eastern Standard Time): DELETE /item/5c48cee7961d082730f5c497
Wed Jan 23 2019 15:30:35 GMT-0500 (Eastern Standard Time): DELETE /item/5c48ceeb961d082730f5c4ae
Wed Jan 23 2019 15:30:35 GMT-0500 (Eastern Standard Time): DELETE /item/ThisIsNotAnObjectID
Wed Jan 23 2019 15:43:33 GMT-0500 (Eastern Standard Time): POST /user
Wed Jan 23 2019 15:43:40 GMT-0500 (Eastern Standard Time): POST /user
Wed Jan 23 2019 15:43:46 GMT-0500 (Eastern Standard Time): POST /user
Wed Jan 23 2019 15:44:15 GMT-0500 (Eastern Standard Time): POST /user
Wed Jan 23 2019 15:44:46 GMT-0500 (Eastern Standard Time): POST /user
Wed Jan 23 2019 15:45:05 GMT-0500 (Eastern Standard Time): POST /user
Wed Jan 23 2019 15:45:25 GMT-0500 (Eastern Standard Time): POST /user
Wed Jan 23 2019 15:45:42 GMT-0500 (Eastern Standard Time): POST /user
Wed Jan 23 2019 15:47:00 GMT-0500 (Eastern Standard Time): POST /user
Wed Jan 23 2019 15:47:09 GMT-0500 (Eastern Standard Time): POST /user
Wed Jan 23 2019 16:00:59 GMT-0500 (Eastern Standard Time): POST /item
Wed Jan 23 2019 16:00:59 GMT-0500 (Eastern Standard Time): POST /item
Wed Jan 23 2019 16:00:59 GMT-0500 (Eastern Standard Time): POST /item
Wed Jan 23 2019 16:00:59 GMT-0500 (Eastern Standard Time): GET /item
Wed Jan 23 2019 16:00:59 GMT-0500 (Eastern Standard Time): PATCH /item/5c48d606c10f200ab860bc2e
Wed Jan 23 2019 16:00:59 GMT-0500 (Eastern Standard Time): PATCH /item/5c48d60bc10f200ab860bc4d
Wed Jan 23 2019 16:00:59 GMT-0500 (Eastern Standard Time): PATCH /item/ThisIsNotAnObjectID
Wed Jan 23 2019 16:00:59 GMT-0500 (Eastern Standard Time): DELETE /item/5c48d606c10f200ab860bc2f
Wed Jan 23 2019 16:00:59 GMT-0500 (Eastern Standard Time): DELETE /item/5c48d60bc10f200ab860bc5a
Wed Jan 23 2019 16:00:59 GMT-0500 (Eastern Standard Time): DELETE /item/ThisIsNotAnObjectID
Wed Jan 23 2019 16:00:59 GMT-0500 (Eastern Standard Time): POST /user
Wed Jan 23 2019 16:02:30 GMT-0500 (Eastern Standard Time): POST /item
Wed Jan 23 2019 16:02:30 GMT-0500 (Eastern Standard Time): POST /item
Wed Jan 23 2019 16:02:30 GMT-0500 (Eastern Standard Time): POST /item
Wed Jan 23 2019 16:02:30 GMT-0500 (Eastern Standard Time): GET /item
Wed Jan 23 2019 16:02:30 GMT-0500 (Eastern Standard Time): PATCH /item/5c48d6612e4220644cf4a21b
Wed Jan 23 2019 16:02:30 GMT-0500 (Eastern Standard Time): PATCH /item/5c48d6662e4220644cf4a23a
Wed Jan 23 2019 16:02:30 GMT-0500 (Eastern Standard Time): PATCH /item/ThisIsNotAnObjectID
Wed Jan 23 2019 16:02:30 GMT-0500 (Eastern Standard Time): DELETE /item/5c48d6612e4220644cf4a21c
Wed Jan 23 2019 16:02:30 GMT-0500 (Eastern Standard Time): DELETE /item/5c48d6662e4220644cf4a247
Wed Jan 23 2019 16:02:30 GMT-0500 (Eastern Standard Time): DELETE /item/ThisIsNotAnObjectID
Wed Jan 23 2019 16:02:30 GMT-0500 (Eastern Standard Time): POST /user
Wed Jan 23 2019 16:03:52 GMT-0500 (Eastern Standard Time): POST /item
Wed Jan 23 2019 16:03:52 GMT-0500 (Eastern Standard Time): POST /item
Wed Jan 23 2019 16:03:52 GMT-0500 (Eastern Standard Time): POST /item
Wed Jan 23 2019 16:03:52 GMT-0500 (Eastern Standard Time): GET /item
Wed Jan 23 2019 16:03:52 GMT-0500 (Eastern Standard Time): PATCH /item/5c48d6b5dfd7d2638069884c
Wed Jan 23 2019 16:03:52 GMT-0500 (Eastern Standard Time): PATCH /item/5c48d6b8dfd7d2638069886b
Wed Jan 23 2019 16:03:52 GMT-0500 (Eastern Standard Time): PATCH /item/ThisIsNotAnObjectID
Wed Jan 23 2019 16:03:52 GMT-0500 (Eastern Standard Time): DELETE /item/5c48d6b5dfd7d2638069884d
Wed Jan 23 2019 16:03:52 GMT-0500 (Eastern Standard Time): DELETE /item/5c48d6b8dfd7d26380698878
Wed Jan 23 2019 16:03:52 GMT-0500 (Eastern Standard Time): DELETE /item/ThisIsNotAnObjectID
Wed Jan 23 2019 16:03:52 GMT-0500 (Eastern Standard Time): POST /user
Wed Jan 23 2019 16:05:25 GMT-0500 (Eastern Standard Time): POST /item
Wed Jan 23 2019 16:05:25 GMT-0500 (Eastern Standard Time): POST /item
Wed Jan 23 2019 16:05:25 GMT-0500 (Eastern Standard Time): POST /item
Wed Jan 23 2019 16:05:25 GMT-0500 (Eastern Standard Time): GET /item
Wed Jan 23 2019 16:05:25 GMT-0500 (Eastern Standard Time): PATCH /item/5c48d7100a27a2516cc3dcad
Wed Jan 23 2019 16:05:25 GMT-0500 (Eastern Standard Time): PATCH /item/5c48d7150a27a2516cc3dccc
Wed Jan 23 2019 16:05:25 GMT-0500 (Eastern Standard Time): PATCH /item/ThisIsNotAnObjectID
Wed Jan 23 2019 16:05:25 GMT-0500 (Eastern Standard Time): DELETE /item/5c48d7100a27a2516cc3dcae
Wed Jan 23 2019 16:05:25 GMT-0500 (Eastern Standard Time): DELETE /item/5c48d7150a27a2516cc3dcd9
Wed Jan 23 2019 16:05:25 GMT-0500 (Eastern Standard Time): DELETE /item/ThisIsNotAnObjectID
Wed Jan 23 2019 16:05:25 GMT-0500 (Eastern Standard Time): POST /user
Wed Jan 23 2019 16:05:25 GMT-0500 (Eastern Standard Time): POST /user
Wed Jan 23 2019 16:05:55 GMT-0500 (Eastern Standard Time): POST /item
Wed Jan 23 2019 16:05:55 GMT-0500 (Eastern Standard Time): POST /item
Wed Jan 23 2019 16:05:55 GMT-0500 (Eastern Standard Time): POST /item
Wed Jan 23 2019 16:05:55 GMT-0500 (Eastern Standard Time): GET /item
Wed Jan 23 2019 16:05:55 GMT-0500 (Eastern Standard Time): PATCH /item/5c48d73182ce5c47709c2597
Wed Jan 23 2019 16:05:55 GMT-0500 (Eastern Standard Time): PATCH /item/5c48d73382ce5c47709c25b6
Wed Jan 23 2019 16:05:55 GMT-0500 (Eastern Standard Time): PATCH /item/ThisIsNotAnObjectID
Wed Jan 23 2019 16:05:55 GMT-0500 (Eastern Standard Time): DELETE /item/5c48d73182ce5c47709c2598
Wed Jan 23 2019 16:05:55 GMT-0500 (Eastern Standard Time): DELETE /item/5c48d73382ce5c47709c25c3
Wed Jan 23 2019 16:05:55 GMT-0500 (Eastern Standard Time): DELETE /item/ThisIsNotAnObjectID
Wed Jan 23 2019 16:05:55 GMT-0500 (Eastern Standard Time): POST /user
Wed Jan 23 2019 16:05:55 GMT-0500 (Eastern Standard Time): POST /user
Wed Jan 23 2019 16:11:03 GMT-0500 (Eastern Standard Time): PATCH /user/5c48d2cdee252166640d3270
Wed Jan 23 2019 16:16:06 GMT-0500 (Eastern Standard Time): POST /item
Wed Jan 23 2019 16:16:06 GMT-0500 (Eastern Standard Time): POST /item
Wed Jan 23 2019 16:16:06 GMT-0500 (Eastern Standard Time): POST /item
Wed Jan 23 2019 16:16:06 GMT-0500 (Eastern Standard Time): GET /item
Wed Jan 23 2019 16:16:06 GMT-0500 (Eastern Standard Time): PATCH /item/5c48d99126cc1556f8b7a971
Wed Jan 23 2019 16:16:06 GMT-0500 (Eastern Standard Time): PATCH /item/5c48d99626cc1556f8b7a990
Wed Jan 23 2019 16:16:06 GMT-0500 (Eastern Standard Time): PATCH /item/ThisIsNotAnObjectID
Wed Jan 23 2019 16:16:06 GMT-0500 (Eastern Standard Time): DELETE /item/5c48d99126cc1556f8b7a972
Wed Jan 23 2019 16:16:06 GMT-0500 (Eastern Standard Time): DELETE /item/5c48d99626cc1556f8b7a99d
Wed Jan 23 2019 16:16:06 GMT-0500 (Eastern Standard Time): DELETE /item/ThisIsNotAnObjectID
Wed Jan 23 2019 16:16:06 GMT-0500 (Eastern Standard Time): POST /user
Wed Jan 23 2019 16:16:06 GMT-0500 (Eastern Standard Time): POST /user
Wed Jan 23 2019 16:16:06 GMT-0500 (Eastern Standard Time): PATCH /user/5c48d99126cc1556f8b7a974
Wed Jan 23 2019 16:16:20 GMT-0500 (Eastern Standard Time): POST /item
Wed Jan 23 2019 16:16:20 GMT-0500 (Eastern Standard Time): POST /item
Wed Jan 23 2019 16:16:20 GMT-0500 (Eastern Standard Time): POST /item
Wed Jan 23 2019 16:16:20 GMT-0500 (Eastern Standard Time): GET /item
Wed Jan 23 2019 16:16:20 GMT-0500 (Eastern Standard Time): PATCH /item/5c48d99fcbcab71e4cdd9b85
Wed Jan 23 2019 16:16:20 GMT-0500 (Eastern Standard Time): PATCH /item/5c48d9a4cbcab71e4cdd9ba4
Wed Jan 23 2019 16:16:20 GMT-0500 (Eastern Standard Time): PATCH /item/ThisIsNotAnObjectID
Wed Jan 23 2019 16:16:20 GMT-0500 (Eastern Standard Time): DELETE /item/5c48d99fcbcab71e4cdd9b86
Wed Jan 23 2019 16:16:20 GMT-0500 (Eastern Standard Time): DELETE /item/5c48d9a4cbcab71e4cdd9bb1
Wed Jan 23 2019 16:16:20 GMT-0500 (Eastern Standard Time): DELETE /item/ThisIsNotAnObjectID
Wed Jan 23 2019 16:16:20 GMT-0500 (Eastern Standard Time): POST /user
Wed Jan 23 2019 16:16:20 GMT-0500 (Eastern Standard Time): POST /user
Wed Jan 23 2019 16:16:20 GMT-0500 (Eastern Standard Time): PATCH /user/5c48d99fcbcab71e4cdd9b88
Wed Jan 23 2019 16:24:30 GMT-0500 (Eastern Standard Time): POST /user/
Wed Jan 23 2019 16:24:52 GMT-0500 (Eastern Standard Time): POST /user
Wed Jan 23 2019 16:25:54 GMT-0500 (Eastern Standard Time): POST /user
Wed Jan 23 2019 16:27:33 GMT-0500 (Eastern Standard Time): POST /user
Wed Jan 23 2019 16:28:07 GMT-0500 (Eastern Standard Time): POST /user
Wed Jan 23 2019 16:28:59 GMT-0500 (Eastern Standard Time): POST /user
Wed Jan 23 2019 16:29:42 GMT-0500 (Eastern Standard Time): POST /user
Wed Jan 23 2019 16:43:21 GMT-0500 (Eastern Standard Time): POST /login
Wed Jan 23 2019 16:43:38 GMT-0500 (Eastern Standard Time): POST /login
Wed Jan 23 2019 16:43:41 GMT-0500 (Eastern Standard Time): POST /login
Wed Jan 23 2019 16:50:27 GMT-0500 (Eastern Standard Time): POST /login
Wed Jan 23 2019 16:50:32 GMT-0500 (Eastern Standard Time): POST /login
Wed Jan 23 2019 17:13:12 GMT-0500 (Eastern Standard Time): POST /login
Wed Jan 23 2019 17:41:18 GMT-0500 (Eastern Standard Time): POST /item
Wed Jan 23 2019 17:41:18 GMT-0500 (Eastern Standard Time): POST /item
Wed Jan 23 2019 17:41:18 GMT-0500 (Eastern Standard Time): POST /item
Wed Jan 23 2019 17:41:19 GMT-0500 (Eastern Standard Time): GET /item
Wed Jan 23 2019 17:41:19 GMT-0500 (Eastern Standard Time): PATCH /item/5c48ed8c0f57af4accadc891
Wed Jan 23 2019 17:41:19 GMT-0500 (Eastern Standard Time): PATCH /item/5c48ed8f0f57af4accadc8bc
Wed Jan 23 2019 17:41:19 GMT-0500 (Eastern Standard Time): PATCH /item/ThisIsNotAnObjectID
Wed Jan 23 2019 17:41:19 GMT-0500 (Eastern Standard Time): DELETE /item/5c48ed8c0f57af4accadc892
Wed Jan 23 2019 17:41:19 GMT-0500 (Eastern Standard Time): DELETE /item/5c48ed8f0f57af4accadc8cf
Wed Jan 23 2019 17:41:20 GMT-0500 (Eastern Standard Time): DELETE /item/ThisIsNotAnObjectID
Wed Jan 23 2019 17:41:20 GMT-0500 (Eastern Standard Time): POST /user
Wed Jan 23 2019 17:41:20 GMT-0500 (Eastern Standard Time): POST /user
Wed Jan 23 2019 17:41:20 GMT-0500 (Eastern Standard Time): PATCH /user/5c48ed8c0f57af4accadc894
Wed Jan 23 2019 17:41:40 GMT-0500 (Eastern Standard Time): POST /item
Wed Jan 23 2019 17:41:40 GMT-0500 (Eastern Standard Time): POST /item
Wed Jan 23 2019 17:41:40 GMT-0500 (Eastern Standard Time): POST /item
Wed Jan 23 2019 17:41:40 GMT-0500 (Eastern Standard Time): GET /item
Wed Jan 23 2019 17:41:40 GMT-0500 (Eastern Standard Time): PATCH /item/5c48eda1c876253fa4c06704
Wed Jan 23 2019 17:41:41 GMT-0500 (Eastern Standard Time): PATCH /item/5c48eda5c876253fa4c0672f
Wed Jan 23 2019 17:41:41 GMT-0500 (Eastern Standard Time): PATCH /item/ThisIsNotAnObjectID
Wed Jan 23 2019 17:41:41 GMT-0500 (Eastern Standard Time): DELETE /item/5c48eda1c876253fa4c06705
Wed Jan 23 2019 17:41:41 GMT-0500 (Eastern Standard Time): DELETE /item/5c48eda5c876253fa4c06742
Wed Jan 23 2019 17:41:41 GMT-0500 (Eastern Standard Time): DELETE /item/ThisIsNotAnObjectID
Wed Jan 23 2019 17:41:41 GMT-0500 (Eastern Standard Time): POST /user
Wed Jan 23 2019 17:41:42 GMT-0500 (Eastern Standard Time): POST /user
Wed Jan 23 2019 17:41:42 GMT-0500 (Eastern Standard Time): PATCH /user/5c48eda1c876253fa4c06707
Wed Jan 23 2019 17:52:44 GMT-0500 (Eastern Standard Time): POST /item
Wed Jan 23 2019 17:52:44 GMT-0500 (Eastern Standard Time): POST /item
Wed Jan 23 2019 17:52:44 GMT-0500 (Eastern Standard Time): POST /item
Wed Jan 23 2019 17:52:44 GMT-0500 (Eastern Standard Time): GET /item
Wed Jan 23 2019 17:52:44 GMT-0500 (Eastern Standard Time): PATCH /item/5c48f036a18ac56488b428cc
Wed Jan 23 2019 17:52:45 GMT-0500 (Eastern Standard Time): PATCH /item/5c48f03ca18ac56488b428f3
Wed Jan 23 2019 17:52:45 GMT-0500 (Eastern Standard Time): PATCH /item/ThisIsNotAnObjectID
Wed Jan 23 2019 17:52:45 GMT-0500 (Eastern Standard Time): DELETE /item/5c48f036a18ac56488b428cd
Wed Jan 23 2019 17:52:45 GMT-0500 (Eastern Standard Time): DELETE /item/5c48f03da18ac56488b42906
Wed Jan 23 2019 17:52:45 GMT-0500 (Eastern Standard Time): DELETE /item/ThisIsNotAnObjectID
Wed Jan 23 2019 17:52:45 GMT-0500 (Eastern Standard Time): POST /user
Wed Jan 23 2019 17:52:46 GMT-0500 (Eastern Standard Time): POST /user
Wed Jan 23 2019 17:52:46 GMT-0500 (Eastern Standard Time): PATCH /user/5c48f036a18ac56488b428cf
Wed Jan 23 2019 18:05:19 GMT-0500 (Eastern Standard Time): POST /item
Wed Jan 23 2019 18:05:19 GMT-0500 (Eastern Standard Time): POST /item
Wed Jan 23 2019 18:05:19 GMT-0500 (Eastern Standard Time): POST /item
Wed Jan 23 2019 18:05:19 GMT-0500 (Eastern Standard Time): GET /item
Wed Jan 23 2019 18:05:19 GMT-0500 (Eastern Standard Time): PATCH /item/5c48f32925ef955f9890261f
Wed Jan 23 2019 18:05:20 GMT-0500 (Eastern Standard Time): PATCH /item/5c48f33025ef955f9890264a
Wed Jan 23 2019 18:05:20 GMT-0500 (Eastern Standard Time): PATCH /item/ThisIsNotAnObjectID
Wed Jan 23 2019 18:05:20 GMT-0500 (Eastern Standard Time): DELETE /item/5c48f32925ef955f98902620
Wed Jan 23 2019 18:05:20 GMT-0500 (Eastern Standard Time): DELETE /item/5c48f33025ef955f9890265d
Wed Jan 23 2019 18:05:20 GMT-0500 (Eastern Standard Time): DELETE /item/ThisIsNotAnObjectID
Wed Jan 23 2019 18:05:21 GMT-0500 (Eastern Standard Time): POST /user
Wed Jan 23 2019 18:05:21 GMT-0500 (Eastern Standard Time): POST /user
Wed Jan 23 2019 18:05:21 GMT-0500 (Eastern Standard Time): PATCH /user/5c48f32925ef955f98902622
Wed Jan 23 2019 18:05:30 GMT-0500 (Eastern Standard Time): POST /item
Wed Jan 23 2019 18:05:31 GMT-0500 (Eastern Standard Time): POST /item
Wed Jan 23 2019 18:05:31 GMT-0500 (Eastern Standard Time): POST /item
Wed Jan 23 2019 18:05:31 GMT-0500 (Eastern Standard Time): GET /item
Wed Jan 23 2019 18:05:31 GMT-0500 (Eastern Standard Time): PATCH /item/5c48f338d8f1504b44f2bca5
Wed Jan 23 2019 18:05:31 GMT-0500 (Eastern Standard Time): PATCH /item/5c48f33bd8f1504b44f2bcd0
Wed Jan 23 2019 18:05:32 GMT-0500 (Eastern Standard Time): PATCH /item/ThisIsNotAnObjectID
Wed Jan 23 2019 18:05:32 GMT-0500 (Eastern Standard Time): DELETE /item/5c48f338d8f1504b44f2bca6
Wed Jan 23 2019 18:05:32 GMT-0500 (Eastern Standard Time): DELETE /item/5c48f33cd8f1504b44f2bce3
Wed Jan 23 2019 18:05:32 GMT-0500 (Eastern Standard Time): DELETE /item/ThisIsNotAnObjectID
Wed Jan 23 2019 18:05:32 GMT-0500 (Eastern Standard Time): POST /user
Wed Jan 23 2019 18:05:32 GMT-0500 (Eastern Standard Time): POST /user
Wed Jan 23 2019 18:05:33 GMT-0500 (Eastern Standard Time): PATCH /user/5c48f338d8f1504b44f2bca8
Wed Jan 23 2019 18:08:57 GMT-0500 (Eastern Standard Time): POST /item
Wed Jan 23 2019 18:08:57 GMT-0500 (Eastern Standard Time): POST /item
Wed Jan 23 2019 18:08:57 GMT-0500 (Eastern Standard Time): POST /item
Wed Jan 23 2019 18:08:57 GMT-0500 (Eastern Standard Time): GET /item
Wed Jan 23 2019 18:08:57 GMT-0500 (Eastern Standard Time): PATCH /item/5c48f4030ec36139700814f4
Wed Jan 23 2019 18:08:58 GMT-0500 (Eastern Standard Time): PATCH /item/5c48f40a0ec361397008151f
Wed Jan 23 2019 18:08:58 GMT-0500 (Eastern Standard Time): PATCH /item/ThisIsNotAnObjectID
Wed Jan 23 2019 18:08:58 GMT-0500 (Eastern Standard Time): DELETE /item/5c48f4030ec36139700814f5
Wed Jan 23 2019 18:08:58 GMT-0500 (Eastern Standard Time): DELETE /item/5c48f40a0ec3613970081532
Wed Jan 23 2019 18:08:58 GMT-0500 (Eastern Standard Time): DELETE /item/ThisIsNotAnObjectID
Wed Jan 23 2019 18:08:58 GMT-0500 (Eastern Standard Time): POST /user
Wed Jan 23 2019 18:08:59 GMT-0500 (Eastern Standard Time): POST /user
Wed Jan 23 2019 18:08:59 GMT-0500 (Eastern Standard Time): PATCH /user/5c48f4030ec36139700814f7
Wed Jan 23 2019 18:08:59 GMT-0500 (Eastern Standard Time): POST /login
Wed Jan 23 2019 18:12:05 GMT-0500 (Eastern Standard Time): POST /item
Wed Jan 23 2019 18:12:05 GMT-0500 (Eastern Standard Time): POST /item
Wed Jan 23 2019 18:12:05 GMT-0500 (Eastern Standard Time): POST /item
Wed Jan 23 2019 18:12:06 GMT-0500 (Eastern Standard Time): GET /item
Wed Jan 23 2019 18:12:06 GMT-0500 (Eastern Standard Time): PATCH /item/5c48f4c091e7bf611c1865c6
Wed Jan 23 2019 18:12:06 GMT-0500 (Eastern Standard Time): PATCH /item/5c48f4c691e7bf611c1865f1
Wed Jan 23 2019 18:12:06 GMT-0500 (Eastern Standard Time): PATCH /item/ThisIsNotAnObjectID
Wed Jan 23 2019 18:12:06 GMT-0500 (Eastern Standard Time): DELETE /item/5c48f4c091e7bf611c1865c7
Wed Jan 23 2019 18:12:06 GMT-0500 (Eastern Standard Time): DELETE /item/5c48f4c691e7bf611c186604
Wed Jan 23 2019 18:12:07 GMT-0500 (Eastern Standard Time): DELETE /item/ThisIsNotAnObjectID
Wed Jan 23 2019 18:12:07 GMT-0500 (Eastern Standard Time): POST /user
Wed Jan 23 2019 18:12:07 GMT-0500 (Eastern Standard Time): POST /user
Wed Jan 23 2019 18:12:07 GMT-0500 (Eastern Standard Time): PATCH /user/5c48f4c091e7bf611c1865c9
Wed Jan 23 2019 18:12:07 GMT-0500 (Eastern Standard Time): POST /login
Wed Jan 23 2019 18:12:08 GMT-0500 (Eastern Standard Time): POST /login
Wed Jan 23 2019 18:12:08 GMT-0500 (Eastern Standard Time): POST /login
